2022-10-23 23:45:30,710:DEBUG:certbot._internal.main:certbot version: 1.21.0
2022-10-23 23:45:30,710:DEBUG:certbot._internal.main:Location of certbot entry point: /usr/bin/certbot
2022-10-23 23:45:30,710:DEBUG:certbot._internal.main:Arguments: ['--config-dir=/home/luke/Documents/NodeJS/hannahttp/env/letsencrypt/config', '--logs-dir=/home/luke/Documents/NodeJS/hannahttp/env/letsencrypt/log', '--work-dir=/home/luke/Documents/NodeJS/hannahttp/env/letsencrypt', '--webroot-path=/home/luke/Documents/NodeJS/hannahttp/env/letsencrypt/webroot', '--webroot', '--keep-until-expiring', '--email=luke.rieff@gmail.com', '--agree-tos', '--cert-name=fannst.nl', '--domains=hannahttp.fannst.nl', '--non-interactive', '--quiet']
2022-10-23 23:45:30,710:DEBUG:certbot._internal.main:Discovered plugins: PluginsRegistry(PluginEntryPoint#manual,PluginEntryPoint#null,PluginEntryPoint#standalone,PluginEntryPoint#webroot)
2022-10-23 23:45:30,720:DEBUG:certbot._internal.log:Root logging level set at 40
2022-10-23 23:45:30,721:DEBUG:certbot._internal.plugins.selection:Requested authenticator webroot and installer None
2022-10-23 23:45:30,721:DEBUG:certbot._internal.plugins.selection:Single candidate plugin: * webroot
Description: Place files in webroot directory
Interfaces: Authenticator, Plugin
Entry point: webroot = certbot._internal.plugins.webroot:Authenticator
Initialized: <certbot._internal.plugins.webroot.Authenticator object at 0x7f26ec9f8340>
Prep: True
2022-10-23 23:45:30,722:DEBUG:certbot._internal.plugins.selection:Selected authenticator <certbot._internal.plugins.webroot.Authenticator object at 0x7f26ec9f8340> and installer None
2022-10-23 23:45:30,722:INFO:certbot._internal.plugins.selection:Plugins selected: Authenticator webroot, Installer None
2022-10-23 23:45:30,943:DEBUG:acme.client:Sending GET request to https://acme-v02.api.letsencrypt.org/directory.
2022-10-23 23:45:30,945:DEBUG:urllib3.connectionpool:Starting new HTTPS connection (1): acme-v02.api.letsencrypt.org:443
2022-10-23 23:45:34,584:DEBUG:urllib3.connectionpool:https://acme-v02.api.letsencrypt.org:443 "GET /directory HTTP/1.1" 200 659
2022-10-23 23:45:34,585:DEBUG:acme.client:Received response:
HTTP 200
Server: nginx
Date: Sun, 23 Oct 2022 21:45:34 GMT
Content-Type: application/json
Content-Length: 659
Connection: keep-alive
Cache-Control: public, max-age=0, no-cache
X-Frame-Options: DENY
Strict-Transport-Security: max-age=604800

{
  "_MfhlCeucZU": "https://community.letsencrypt.org/t/adding-random-entries-to-the-directory/33417",
  "keyChange": "https://acme-v02.api.letsencrypt.org/acme/key-change",
  "meta": {
    "caaIdentities": [
      "letsencrypt.org"
    ],
    "termsOfService": "https://letsencrypt.org/documents/LE-SA-v1.3-September-21-2022.pdf",
    "website": "https://letsencrypt.org"
  },
  "newAccount": "https://acme-v02.api.letsencrypt.org/acme/new-acct",
  "newNonce": "https://acme-v02.api.letsencrypt.org/acme/new-nonce",
  "newOrder": "https://acme-v02.api.letsencrypt.org/acme/new-order",
  "revokeCert": "https://acme-v02.api.letsencrypt.org/acme/revoke-cert"
}
2022-10-23 23:45:34,586:DEBUG:acme.client:Requesting fresh nonce
2022-10-23 23:45:34,586:DEBUG:acme.client:Sending HEAD request to https://acme-v02.api.letsencrypt.org/acme/new-nonce.
2022-10-23 23:45:34,787:DEBUG:urllib3.connectionpool:https://acme-v02.api.letsencrypt.org:443 "HEAD /acme/new-nonce HTTP/1.1" 200 0
2022-10-23 23:45:34,788:DEBUG:acme.client:Received response:
HTTP 200
Server: nginx
Date: Sun, 23 Oct 2022 21:45:34 GMT
Connection: keep-alive
Cache-Control: public, max-age=0, no-cache
Link: <https://acme-v02.api.letsencrypt.org/directory>;rel="index"
Replay-Nonce: C40004RIaa7NAGwiL9t78ekv2CRaL5ayNUe7qtSfQi3TKDA
X-Frame-Options: DENY
Strict-Transport-Security: max-age=604800


2022-10-23 23:45:34,788:DEBUG:acme.client:Storing nonce: C40004RIaa7NAGwiL9t78ekv2CRaL5ayNUe7qtSfQi3TKDA
2022-10-23 23:45:34,789:DEBUG:acme.client:JWS payload:
b'{\n  "contact": [\n    "mailto:luke.rieff@gmail.com"\n  ],\n  "termsOfServiceAgreed": true\n}'
2022-10-23 23:45:34,793:DEBUG:acme.client:Sending POST request to https://acme-v02.api.letsencrypt.org/acme/new-acct:
{
  "protected": "eyJhbGciOiAiUlMyNTYiLCAiandrIjogeyJuIjogIjVQdU9LaV9rNHBXZFlWNWxmczlqeURGRWZValVSeDNXbkFCY2VBZ3FYaHF6RDVzYVdiWTZuQ3o1UmMxUnZhT0xCcXdiMzRhUFQ0Q0QyZFgzM1dEdDJPRUkyMk5tWTh4cHYxaWZibEVoaVBnNGRQMjZHa0RQbDg1R1hTdGp1R2dIM2FfQlBFVHktODRXaFl2OXJkMnk2OXRlUnRzZkx4WVctWGxaM1pXU0NWQkxnYlhJdTg5TE5RYXpRcDZSUlZwbUxsSkhmUkJadjcybzI0eFl6dFhEcGtWX1lKOC1QWUhOd2hIdGJkRkNvd2Q0Y0pDc1BRdG5FdVNaVWtWanF4dFk2MW5yazU1VDVRZ2RseXNkeS12cFZleUxSYUpRRHFoUEVEX2U1ZzFUbnM2UWFGRVIya1VNNWJwUEV4OUFobTNjLU51TzVQalJUVUVWbktGWjJIbk5rUSIsICJlIjogIkFRQUIiLCAia3R5IjogIlJTQSJ9LCAibm9uY2UiOiAiQzQwMDA0UklhYTdOQUd3aUw5dDc4ZWt2MkNSYUw1YXlOVWU3cXRTZlFpM1RLREEiLCAidXJsIjogImh0dHBzOi8vYWNtZS12MDIuYXBpLmxldHNlbmNyeXB0Lm9yZy9hY21lL25ldy1hY2N0In0",
  "signature": "tbz_woeHf4C3ka3F9RtwTFaf7G0NDzUKO_RzKHyDu6TUGcf0u4ory0J9FYO1lvo4fVFIgsIIKxewU_eTx7zu5mYs65XK8KRwfeSn4a4wsbBUdUU4aYpYdoAfYYmuIjlQ1pjs8jHJrxA8cn9-mL_ZWYNMo0O1K__-uK95xSCMCLkpRpRkqF_cLKBQ2W5odVMB_RyILvqN_HlY2NPPFu8J8u2SwNLU222DuYexvlGu0ZCOUwUsZYoWUPz5NMGpuxyxBkZhendzo8ZMSwBTRTuWUohW9baO6mwrv511MkpvCL0qjqHceruRb25z2rUZiOYPXxTbcvdLPieLjsi4oUc4bQ",
  "payload": "ewogICJjb250YWN0IjogWwogICAgIm1haWx0bzpsdWtlLnJpZWZmQGdtYWlsLmNvbSIKICBdLAogICJ0ZXJtc09mU2VydmljZUFncmVlZCI6IHRydWUKfQ"
}
2022-10-23 23:45:35,094:DEBUG:urllib3.connectionpool:https://acme-v02.api.letsencrypt.org:443 "POST /acme/new-acct HTTP/1.1" 201 584
2022-10-23 23:45:35,095:DEBUG:acme.client:Received response:
HTTP 201
Server: nginx
Date: Sun, 23 Oct 2022 21:45:34 GMT
Content-Type: application/json
Content-Length: 584
Connection: keep-alive
Boulder-Requester: 790957142
Cache-Control: public, max-age=0, no-cache
Link: <https://acme-v02.api.letsencrypt.org/directory>;rel="index", <https://letsencrypt.org/documents/LE-SA-v1.3-September-21-2022.pdf>;rel="terms-of-service"
Location: https://acme-v02.api.letsencrypt.org/acme/acct/790957142
Replay-Nonce: 2712TP2MdGyCM9uPeHco_tD9OmELQ2cYIN9W7opZk0-krgY
X-Frame-Options: DENY
Strict-Transport-Security: max-age=604800

{
  "key": {
    "kty": "RSA",
    "n": "5PuOKi_k4pWdYV5lfs9jyDFEfUjURx3WnABceAgqXhqzD5saWbY6nCz5Rc1RvaOLBqwb34aPT4CD2dX33WDt2OEI22NmY8xpv1ifblEhiPg4dP26GkDPl85GXStjuGgH3a_BPETy-84WhYv9rd2y69teRtsfLxYW-XlZ3ZWSCVBLgbXIu89LNQazQp6RRVpmLlJHfRBZv72o24xYztXDpkV_YJ8-PYHNwhHtbdFCowd4cJCsPQtnEuSZUkVjqxtY61nrk55T5Qgdlysdy-vpVeyLRaJQDqhPED_e5g1Tns6QaFER2kUM5bpPEx9Ahm3c-NuO5PjRTUEVnKFZ2HnNkQ",
    "e": "AQAB"
  },
  "contact": [
    "mailto:luke.rieff@gmail.com"
  ],
  "initialIp": "2a02:58:18a:fb00:dc8c:911c:9995:906",
  "createdAt": "2022-10-23T21:45:34.91128927Z",
  "status": "valid"
}
2022-10-23 23:45:35,096:DEBUG:acme.client:Storing nonce: 2712TP2MdGyCM9uPeHco_tD9OmELQ2cYIN9W7opZk0-krgY
2022-10-23 23:45:35,098:DEBUG:certbot._internal.display.obj:Notifying user: Account registered.
2022-10-23 23:45:35,098:DEBUG:certbot._internal.main:Picked account: <Account(RegistrationResource(body=Registration(key=JWKRSA(key=<ComparableRSAKey(<cryptography.hazmat.backends.openssl.rsa._RSAPublicKey object at 0x7f26ec9faaa0>)>), contact=('mailto:luke.rieff@gmail.com',), agreement=None, status='valid', terms_of_service_agreed=None, only_return_existing=None, external_account_binding=None), uri='https://acme-v02.api.letsencrypt.org/acme/acct/790957142', new_authzr_uri=None, terms_of_service='https://letsencrypt.org/documents/LE-SA-v1.3-September-21-2022.pdf'), 11e55d534e7b77095a297c4e324c4295, Meta(creation_dt=datetime.datetime(2022, 10, 23, 21, 45, 35, tzinfo=<UTC>), creation_host='luke-HP-Laptop-15s-eq1xxx', register_to_eff=None))>
2022-10-23 23:45:35,099:DEBUG:certbot._internal.display.obj:Notifying user: Requesting a certificate for hannahttp.fannst.nl
2022-10-23 23:45:38,695:DEBUG:certbot._internal.main:certbot version: 1.21.0
2022-10-23 23:45:38,695:DEBUG:certbot._internal.main:Location of certbot entry point: /usr/bin/certbot
2022-10-23 23:45:38,695:DEBUG:certbot._internal.main:Arguments: ['--config-dir=/home/luke/Documents/NodeJS/hannahttp/env/letsencrypt/config', '--logs-dir=/home/luke/Documents/NodeJS/hannahttp/env/letsencrypt/log', '--work-dir=/home/luke/Documents/NodeJS/hannahttp/env/letsencrypt', '--webroot-path=/home/luke/Documents/NodeJS/hannahttp/env/letsencrypt/webroot', '--webroot', '--keep-until-expiring', '--email=luke.rieff@gmail.com', '--agree-tos', '--cert-name=fannst.nl', '--domains=hannahttp.fannst.nl', '--non-interactive', '--quiet']
2022-10-23 23:45:38,696:DEBUG:certbot._internal.main:Discovered plugins: PluginsRegistry(PluginEntryPoint#manual,PluginEntryPoint#null,PluginEntryPoint#standalone,PluginEntryPoint#webroot)
2022-10-23 23:45:38,705:DEBUG:certbot._internal.log:Root logging level set at 40
2022-10-23 23:45:38,706:DEBUG:certbot._internal.plugins.selection:Requested authenticator webroot and installer None
2022-10-23 23:45:38,706:DEBUG:certbot._internal.plugins.selection:Single candidate plugin: * webroot
Description: Place files in webroot directory
Interfaces: Authenticator, Plugin
Entry point: webroot = certbot._internal.plugins.webroot:Authenticator
Initialized: <certbot._internal.plugins.webroot.Authenticator object at 0x7f659eb20490>
Prep: True
2022-10-23 23:45:38,706:DEBUG:certbot._internal.plugins.selection:Selected authenticator <certbot._internal.plugins.webroot.Authenticator object at 0x7f659eb20490> and installer None
2022-10-23 23:45:38,706:INFO:certbot._internal.plugins.selection:Plugins selected: Authenticator webroot, Installer None
2022-10-23 23:45:38,764:DEBUG:certbot._internal.main:Picked account: <Account(RegistrationResource(body=Registration(key=None, contact=(), agreement=None, status=None, terms_of_service_agreed=None, only_return_existing=None, external_account_binding=None), uri='https://acme-v02.api.letsencrypt.org/acme/acct/790957142', new_authzr_uri=None, terms_of_service=None), 11e55d534e7b77095a297c4e324c4295, Meta(creation_dt=datetime.datetime(2022, 10, 23, 21, 45, 35, tzinfo=<UTC>), creation_host='luke-HP-Laptop-15s-eq1xxx', register_to_eff=None))>
2022-10-23 23:45:38,765:DEBUG:acme.client:Sending GET request to https://acme-v02.api.letsencrypt.org/directory.
2022-10-23 23:45:38,766:DEBUG:urllib3.connectionpool:Starting new HTTPS connection (1): acme-v02.api.letsencrypt.org:443
2022-10-23 23:45:40,218:ERROR:certbot._internal.log:Exiting due to user request.
